[2024.03.22 01:11:23] Minden adatot kötelező megadni!
[2024.03.22 01:14:34] Minden adatot kötelező megadni!
[2024.03.22 01:14:34] Hibás felhasználói azonosító! Kérem, adja meg újra a felhasználói azonosítóját!
[2024.03.22 01:17:06] Minden adatot kötelező megadni!
[2024.03.22 01:17:06] Hibás felhasználói azonosító! Kérem, adja meg újra a felhasználói azonosítóját!
[2024.03.22 01:20:10] Hibás felhasználói azonosító! Kérem, adja meg újra a felhasználói azonosítóját!
[2024.03.22 01:20:10] Hibás jelszó! Kérem, adja meg újra a jelszavát!
[2024.03.22 01:20:21] Hibás felhasználói azonosító! Kérem, adja meg újra a felhasználói azonosítóját!
[2024.03.22 01:20:21] Hibás jelszó! Kérem, adja meg újra a jelszavát!
[2024.03.22 01:20:54] Hibás jelszó! Kérem, adja meg újra a jelszavát!
[2024.03.22 01:26:34] Hibás jelszó! Kérem, adja meg újra a jelszavát!
[2024.03.22 01:31:29] Hibás jelszó! Kérem, adja meg újra a jelszavát!
[2024.03.22 01:32:05] Hibás jelszó! Kérem, adja meg újra a jelszavát!
[2024.03.22 01:37:47] Hibás jelszó! Kérem, adja meg újra a jelszavát!
[2024.03.22 01:37:54] Hibás jelszó! Kérem, adja meg újra a jelszavát!
[2024.03.22 01:52:57] Hibás jelszó! Kérem, adja meg újra a jelszavát!
[2024.03.22 01:55:59] Hibás jelszó! Kérem, adja meg újra a jelszavát!
[2024.03.22 01:56:17] Minden adatot kötelező megadni!
[2024.03.22 01:56:17] Hibás felhasználói azonosító! Kérem, adja meg újra a felhasználói azonosítóját!
[2024.03.22 02:02:14] Minden adatot kötelező megadni!
[2024.03.22 02:02:14] Hibás felhasználói azonosító! Kérem, adja meg újra a felhasználói azonosítóját!
[2024.03.22 02:15:46] Minden adatot kötelező megadni!
[2024.03.22 02:15:46] Hibás felhasználói azonosító! Kérem, adja meg újra a felhasználói azonosítóját!
[2024.03.22 02:16:05] Hibás jelszó! Kérem, adja meg újra a jelszavát!
[2024.03.22 02:22:44] Minden adatot kötelező megadni!
[2024.03.22 02:22:44] Hibás felhasználói azonosító! Kérem, adja meg újra a felhasználói azonosítóját!
[2024.03.22 02:27:08] Minden adatot kötelező megadni!
[2024.03.22 02:27:08] Hibás jelszó! Kérem, adja meg újra a jelszavát!
[2024.03.22 02:28:32] Minden adatot kötelező megadni!
[2024.03.22 02:28:32] Hibás jelszó! Kérem, adja meg újra a jelszavát!
[2024.03.23 09:18:52] Minden adatot kötelező megadni!
[2024.03.23 09:18:52] Hibás felhasználói azonosító! Kérem, adja meg újra a felhasználói azonosítóját!
[2024.03.24 03:47:10] Sikertelen mentés! SQLSTATE[23000]: Integrity constraint violation: 1062 Duplicate entry 'Béla' for key 'username'
[2024.03.24 03:49:11] Hibás jelszó! Kérem, adja meg újra a jelszavát!
[2024.03.25 02:01:56] Minden adatot kötelező megadni!
[2024.03.25 02:01:58] Minden adatot kötelező megadni!
[2024.03.25 03:27:40] Minden adatot kötelező megadni!
[2024.03.25 03:45:04] Minden adatot kötelező megadni!
[2024.03.25 04:02:26] Minden adatot kötelező megadni!
[2024.03.25 04:03:42] Minden adatot kötelező megadni!
[2024.03.25 04:03:56] Minden adatot kötelező megadni!
[2024.03.25 04:04:10] Minden adatot kötelező megadni!
[2024.03.25 04:05:07] Minden adatot kötelező megadni!
[2024.03.25 04:10:56] Minden adatot kötelező megadni!
[2024.03.25 04:15:58] Minden adatot kötelező megadni!
[2024.03.25 04:16:13] Minden adatot kötelező megadni!
[2024.03.25 04:16:28] Hibás jelszó! Kérem, adja meg újra a jelszavát!
[2024.03.25 04:17:22] Hibás jelszó! Kérem, adja meg újra a jelszavát!
[2024.03.25 04:18:29] Hibás felhasználói azonosító! Kérem, adja meg a helyes azonosítót!
[2024.03.25 04:42:29] Minden adatot kötelező megadni! Kérem, adja meg az összes adatot!
[2024.03.25 04:42:55] Minden adatot kötelező megadni! Kérem, adja meg az összes adatot!
[2024.03.25 04:43:23] Minden adatot kötelező megadni! Kérem, adja meg az összes adatot!
[2024.03.25 04:43:53] Hibás jelszó! Kérem, adja meg újra a jelszavát!
[2024.03.25 04:45:29] A két jelszó nem egyezik! Kérem, adja meg újra a jelszavát!
[2024.03.25 04:47:10] Minden adatot kötelező megadni!
[2024.03.25 04:47:21] Minden adatot kötelező megadni! Kérem, adja meg az összes adatot!
[2024.03.25 04:48:46] Minden adatot kötelező megadni!
[2024.03.25 04:50:09] Minden adatot kötelező megadni!
[2024.03.25 04:50:33] Minden adatot kötelező megadni!
[2024.03.25 04:53:07] Minden adatot kötelező megadni! Kérem, adja meg az összes adatot!
[2024.03.25 04:53:26] Minden adatot kötelező megadni! Kérem, adja meg az összes adatot!
[2024.03.25 07:27:26] Minden adatot kötelező megadni!
[2024.03.25 07:27:36] Minden adatot kötelező megadni!
[2024.03.25 07:27:50] Hibás jelszó! Kérem, adja meg újra a jelszavát!
[2024.03.25 07:28:07] Minden adatot kötelező megadni! Kérem, adja meg az összes adatot!
[2024.03.25 07:28:29] A két jelszó nem egyezik! Kérem, adja meg újra a jelszavát!
[2024.03.25 07:28:43] Minden adatot kötelező megadni! Kérem, adja meg az összes adatot!
[2024.03.25 10:08:42] Hibás jelszó! Kérem, adja meg újra a jelszavát!
[2024.03.25 10:08:52] Hibás jelszó! Kérem, adja meg újra a jelszavát!
[2024.03.25 10:11:23] Hibás jelszó! Kérem, adja meg újra a jelszavát!
[2024.03.25 10:11:29] Hibás jelszó! Kérem, adja meg újra a jelszavát!
[2024.03.25 10:11:36] Hibás jelszó! Kérem, adja meg újra a jelszavát!
[2024.03.25 10:12:32] Hibás felhasználói azonosító! Kérem, adja meg a helyes azonosítót!
[2024.03.25 10:13:10] Hibás jelszó! Kérem, adja meg újra a jelszavát!
[2024.03.25 10:33:36] Minden adatot kötelező megadni!
[2024.04.03 09:41:54] Hibás jelszó! Kérem, adja meg újra a jelszavát!
[2024.04.03 09:42:31] Hibás jelszó! Kérem, adja meg újra a jelszavát!
[2024.04.03 09:42:47] Hibás jelszó! Kérem, adja meg újra a jelszavát!
[2024.04.12 05:44:43] Minden adatot kötelező megadni! Kérem, adja meg az összes adatot!
[2024.04.12 07:56:14] Minden adatot kötelező megadni!
[2024.04.12 07:56:23] Minden adatot kötelező megadni!
[2024.04.12 07:56:32] Minden adatot kötelező megadni!
[2024.04.12 07:58:15] Minden adatot kötelező megadni! Kérem, adja meg az összes adatot!
[2024.04.12 07:58:27] Minden adatot kötelező megadni! Kérem, adja meg az összes adatot!
[2024.04.12 07:58:42] Minden adatot kötelező megadni! Kérem, adja meg az összes adatot!
[2024.04.12 08:00:49] Minden adatot kötelező megadni! Kérem, adja meg az összes adatot!
[2024.04.12 08:04:48] Minden adatot kötelező megadni!
[2024.04.12 08:05:00] Minden adatot kötelező megadni!
[2024.04.12 08:05:10] Minden adatot kötelező megadni!
[2024.04.12 08:07:46] Minden adatot kötelező megadni!
[2024.04.12 08:07:54] Hibás jelszó! Kérem, adja meg újra a jelszavát!
[2024.04.12 08:08:04] Hibás felhasználói azonosító! Kérem, adja meg a helyes azonosítót!
[2024.04.12 08:08:16] Hibás jelszó! Kérem, adja meg újra a jelszavát!
[2024.04.12 09:44:13] Hibás felhasználói azonosító! Kérem, adja meg a helyes azonosítót!
[2024.04.13 10:49:08] Hibás felhasználói azonosító! Kérem, adja meg a helyes azonosítót!
[2024.04.13 10:49:26] Hibás felhasználói azonosító! Kérem, adja meg a helyes azonosítót!
[2024.04.13 10:49:33] Hibás felhasználói azonosító! Kérem, adja meg a helyes azonosítót!
[2024.04.13 01:16:02] Minden adatot kötelező megadni! Kérem, adja meg az összes adatot!
[2024.04.13 01:17:04] Minden adatot kötelező megadni! Kérem, adja meg az összes adatot!
[2024.04.13 01:17:41] A régi jelszó helytelen!
[2024.04.13 01:19:06] A két új jelszó nem egyezik! Kérem, adja meg újra a jelszavát!
[2024.04.13 01:23:43] A régi jelszó helytelen!
[2024.04.13 01:25:05] A régi jelszó helytelen!
[2024.04.13 01:31:20] A régi jelszó helytelen!
[2024.04.13 01:31:28] A régi jelszó helytelen!
[2024.04.13 01:32:19] A régi jelszó helytelen!
[2024.04.13 01:35:13] A régi jelszó helytelen!
[2024.04.13 01:35:46] Minden adatot kötelező megadni! Kérem, adja meg az összes adatot!
[2024.04.13 01:36:32] A régi jelszó helytelen!
[2024.04.13 01:37:09] A régi jelszó helytelen!
[2024.04.13 01:40:09] A régi jelszó helytelen!
[2024.04.13 01:44:27] A régi jelszó helytelen!
[2024.04.13 01:50:17] Hibás jelszó! Kérem, adja meg újra a jelszavát!
[2024.04.13 01:51:40] A régi jelszó helytelen!
[2024.04.13 01:52:04] A régi jelszó helytelen!
[2024.04.13 01:56:05] A régi jelszó helytelen!
[2024.04.13 01:57:07] A régi jelszó helytelen!
[2024.04.13 01:59:38] Minden adatot kötelező megadni! Kérem, adja meg az összes adatot!
[2024.04.15 07:10:01] Minden adatot kötelező megadni! Kérem, adja meg az összes adatot!
[2024.04.15 07:10:13] Minden adatot kötelező megadni! Kérem, adja meg az összes adatot!
[2024.04.15 07:11:27] Minden adatot kötelező megadni! Kérem, adja meg az összes adatot!
[2024.04.15 07:15:12] Minden adatot kötelező megadni! Kérem, adja meg az összes adatot!
[2024.04.15 07:52:37] A két új jelszó nem egyezik! Kérem, adja meg újra a jelszavát!
[2024.04.15 07:53:06] A régi jelszó helytelen!
[2024.04.15 07:53:31] A régi jelszó helytelen!
[2024.04.15 08:20:12] SQLSTATE[HY093]: Invalid parameter number: number of bound variables does not match number of tokens
[2024.04.15 08:25:38] SQLSTATE[HY093]: Invalid parameter number: number of bound variables does not match number of tokens
[2024.04.15 08:26:18] SQLSTATE[HY093]: Invalid parameter number: number of bound variables does not match number of tokens
[2024.04.15 08:26:33] Hibás jelszó! Kérem, adja meg újra a jelszavát!
[2024.04.15 08:26:44] Hibás jelszó! Kérem, adja meg újra a jelszavát!
[2024.04.15 08:28:18] SQLSTATE[HY093]: Invalid parameter number: number of bound variables does not match number of tokens
[2024.04.15 08:32:42] Hibás felhasználói azonosító! Kérem, adja meg a helyes azonosítót!
[2024.04.15 08:35:30] A régi jelszó helytelen!
[2024.04.15 08:35:45] A régi jelszó helytelen!
[2024.04.17 01:03:39] Hibás felhasználói azonosító! Kérem, adja meg a helyes azonosítót!
[2024.04.17 01:40:43] Hibás felhasználói azonosító! Kérem, adja meg a helyes azonosítót!
[2024.04.17 01:47:17] Hibás felhasználói azonosító! Kérem, adja meg a helyes azonosítót!
[2024.04.17 02:03:07] Minden adatot kötelező megadni!
[2024.04.17 02:03:17] Hibás felhasználói azonosító! Kérem, adja meg a helyes azonosítót!
[2024.04.17 02:03:27] Hibás felhasználói azonosító! Kérem, adja meg a helyes azonosítót!
[2024.04.17 02:04:39] Minden adatot kötelező megadni! Kérem, adja meg az összes adatot!
[2024.04.17 02:07:03] Minden adatot kötelező megadni! Kérem, adja meg az összes adatot!
[2024.04.17 02:08:52] Minden adatot kötelező megadni! Kérem, adja meg az összes adatot!
[2024.04.17 02:19:04] Minden adatot kötelező megadni! Kérem, adja meg az összes adatot!
[2024.04.17 02:29:53] A régi jelszó helytelen!
[2024.04.17 02:30:07] Hibás felhasználói azonosító! Kérem, adja meg a helyes azonosítót!
[2024.04.17 02:31:13] A régi jelszó helytelen!
[2024.04.17 02:44:57] Hibás felhasználói azonosító! Kérem, adja meg a helyes azonosítót!
[2024.04.17 03:06:56] Hibás jelszó! Kérem, adja meg újra a jelszavát!
[2024.04.18 10:16:44] Minden adatot kötelező megadni! Kérem, adja meg az összes adatot!
[2024.04.18 10:23:29] A két jelszó nem egyezik! Kérem, adja meg újra a jelszavát!
Adatbázis kapcsolódási hiba: SQLSTATE[HY000] [1049] Unknown database 'padlas'[2024.04.19 01:11:49] SQLSTATE[42S22]: Column not found: 1054 Unknown column 'useremail' in 'where clause'
[2024.04.19 01:13:02] A két új jelszó nem egyezik! Kérem, adja meg újra a jelszavát!
[2024.04.19 01:13:25] SQLSTATE[42S22]: Column not found: 1054 Unknown column 'useremail' in 'where clause'
[2024.04.19 01:51:07] A két jelszó nem egyezik! Kérem, adja meg újra a jelszavát!
[2024.04.19 02:16:11] A két jelszó nem egyezik! Kérem, adja meg újra a jelszavát!
[2024.04.19 02:28:56] A két jelszó nem egyezik! Kérem, adja meg újra a jelszavát!
[2024.04.19 03:09:05] A két jelszó nem egyezik! Kérem, adja meg újra a jelszavát!
[2024.04.19 03:38:20] A két új jelszó nem egyezik! Kérem, adja meg újra a jelszavát!
[2024.04.19 03:48:33] A régi jelszó helytelen!
[2024.04.24 01:05:47] Hibás jelszó! Kérem, adja meg újra a jelszavát!
[2024.04.24 01:05:58] Hibás jelszó! Kérem, adja meg újra a jelszavát!
[2024.04.25 08:24:57] Hibás jelszó! Kérem, adja meg újra a jelszavát!
[2024.04.25 08:45:44] A két jelszó nem egyezik! Kérem, adja meg újra a jelszavát!
[2024.04.25 09:16:59] A megadott email cím már szerepel az adatbázisban! Kérlek, adj meg új email címet!
[2024.04.25 09:17:50] A két jelszó nem egyezik! Kérem, adja meg újra a jelszavát!
[2024.04.25 09:19:58] A megadott email cím már szerepel az adatbázisban! Kérlek, adj meg új email címet!
[2024.04.25 09:22:47] Hibás jelszó! Kérem, adja meg újra a jelszavát!
[2024.04.25 09:22:57] Hibás jelszó! Kérem, adja meg újra a jelszavát!
[2024.04.26 11:21:17] A megadott email cím már szerepel az adatbázisban! Kérlek, adj meg új email címet!
[2024.05.01 12:22:30] Hibás jelszó! Kérem, adja meg újra a jelszavát!
[2024.05.01 09:21:49] A két jelszó nem egyezik! Kérem, adja meg újra a jelszavát!
[2024.05.01 06:57:29] A két jelszó nem egyezik! Kérem, adja meg újra a jelszavát!
